Mar 06 09:45 : update: added /ANCJ.mp3
Mar 06 09:45 : ffmpeg/mov,mp4,m4a,3gp,3g2,mj2: stream 0, timescale not set
Mar 06 09:45 : update: added /BHQJ.m4a
Mar 06 09:45 : update: added /BHTI.mp3
Mar 06 09:45 : update: added /BIEG.m4a
Mar 06 09:45 : ffmpeg/mov,mp4,m4a,3gp,3g2,mj2: stream 0, timescale not set
Mar 06 09:45 : update: added /BIMG.m4a
Mar 06 09:45 : update: added /BIQM.mp3
Mar 06 09:45 : ffmpeg/mov,mp4,m4a,3gp,3g2,mj2: stream 0, timescale not set
Mar 06 09:45 : update: added /BJVI.m4a
Mar 06 09:45 : update: added /BKPX.mp3
Mar 06 09:45 : update: added /BLAX.mp3
Mar 06 09:45 : ffmpeg/mov,mp4,m4a,3gp,3g2,mj2: stream 0, timescale not set
Mar 06 09:45 : update: added /BNJG.m4a
Mar 06 09:45 : update: added Bon Jovi - The Ultimate Collection 2010 2CDRip [Bubanee]/CD1/.unwanted/02 - You Give Love A Bad Name .mp3
Mar 06 09:45 : update: added Bon Jovi - The Ultimate Collection 2010 2CDRip [Bubanee]/CD1/.unwanted/04 - Have A Nice Day .mp3
Mar 06 09:45 : update: added Bon Jovi - The Ultimate Collection 2010 2CDRip [Bubanee]/CD1/.unwanted/06 - Bad Medicine .mp3
Mar 06 09:45 : update: added Bon Jovi - The Ultimate Collection 2010 2CDRip [Bubanee]/CD1/01 - Livin' On A Prayer .mp3
Mar 06 09:45 : update: added Bon Jovi - The Ultimate Collection 2010 2CDRip [Bubanee]/CD1/02 - You Give Love A Bad Name .mp3
Mar 06 09:45 : update: added Bon Jovi - The Ultimate Collection 2010 2CDRip [Bubanee]/CD1/03 - It's My Life .mp3
Mar 06 09:45 : update: added Bon Jovi - The Ultimate Collection 2010 2CDRip [Bubanee]/CD1/04 - Have A Nice Day .mp3
Mar 06 09:45 : update: added Bon Jovi - The Ultimate Collection 2010 2CDRip [Bubanee]/CD1/05 - Wanted Dead Or Alive .mp3
Mar 06 09:45 : update: added Bon Jovi - The Ultimate Collection 2010 2CDRip [Bubanee]/CD1/06 - Bad Medicine .mp3
Mar 06 09:45 : update: added Bon Jovi - The Ultimate Collection 2010 2CDRip [Bubanee]/CD1/07 - We Weren't Born To Follow .mp3
Mar 06 09:45 : update: added Bon Jovi - The Ultimate Collection 2010 2CDRip [Bubanee]/CD1/08 - I'll Be There For You .mp3
Mar 06 09:45 : update: added Bon Jovi - The Ultimate Collection 2010 2CDRip [Bubanee]/CD1/09 - Born To Be My Baby .mp3
Mar 06 09:45 : update: added Bon Jovi - The Ultimate Collection 2010 2CDRip [Bubanee]/CD1/10 - Bed Of Roses .mp3
Mar 06 09:45 : update: added Bon Jovi - The Ultimate Collection 2010 2CDRip [Bubanee]/CD1/11 - Who Says You Can't Go Home .mp3
Mar 06 09:45 : update: added Bon Jovi - The Ultimate Collection 2010 2CDRip [Bubanee]/CD1/12 - Lay Your Hands On Me .mp3
Mar 06 09:45 : update: added Bon Jovi - The Ultimate Collection 2010 2CDRip [Bubanee]/CD1/13 - Always .mp3
Mar 06 09:45 : update: added Bon Jovi - The Ultimate Collection 2010 2CDRip [Bubanee]/CD1/14 - In These Arms .mp3
Mar 06 09:45 : update: added Bon Jovi - The Ultimate Collection 2010 2CDRip [Bubanee]/CD1/15 - What Do You Got .mp3
Mar 06 09:45 : update: added Bon Jovi - The Ultimate Collection 2010 2CDRip [Bubanee]/CD1/16 - No Apologies .mp3
Mar 06 09:45 : update: added Bon Jovi - The Ultimate Collection 2010 2CDRip [Bubanee]/CD2/01 - Runaway .mp3
Mar 06 09:45 : update: added Bon Jovi - The Ultimate Collection 2010 2CDRip [Bubanee]/CD2/02 - Someday I'll Be Saturday Night .mp3
Mar 06 09:45 : update: added Bon Jovi - The Ultimate Collection 2010 2CDRip [Bubanee]/CD2/03 - Lost Highway .mp3
Mar 06 09:45 : update: added Bon Jovi - The Ultimate Collection 2010 2CDRip [Bubanee]/CD2/04 - I'll Sleep When I'm Dead .mp3
Mar 06 09:45 : update: added Bon Jovi - The Ultimate Collection 2010 2CDRip [Bubanee]/CD2/05 - In And Out Of Love .mp3
Mar 06 09:45 : update: added Bon Jovi - The Ultimate Collection 2010 2CDRip [Bubanee]/CD2/06 - Keep The Faith .mp3
Mar 06 09:45 : update: added Bon Jovi - The Ultimate Collection 2010 2CDRip [Bubanee]/CD2/07 - When We Were Beautiful .mp3
Mar 06 09:45 : update: added Bon Jovi - The Ultimate Collection 2010 2CDRip [Bubanee]/CD2/08 - Blaze Of Glory .mp3
Mar 06 09:45 : update: added Bon Jovi - The Ultimate Collection 2010 2CDRip [Bubanee]/CD2/09 - This Ain't A Love Song .mp3
Mar 06 09:45 : update: added Bon Jovi - The Ultimate Collection 2010 2CDRip [Bubanee]/CD2/10 - These Days .mp3
Mar 06 09:45 : update: added Bon Jovi - The Ultimate Collection 2010 2CDRip [Bubanee]/CD2/11 - (You Want To) Make A Memory .mp3
Mar 06 09:45 : update: added Bon Jovi - The Ultimate Collection 2010 2CDRip [Bubanee]/CD2/12 - Blood On Blood .mp3
Mar 06 09:45 : update: added Bon Jovi - The Ultimate Collection 2010 2CDRip [Bubanee]/CD2/13 - This Is Love This Is Life .mp3
Mar 06 09:45 : update: added Bon Jovi - The Ultimate Collection 2010 2CDRip [Bubanee]/CD2/14 - The More Things Change .mp3
Mar 06 09:45 : update: added /BTLN.mp3
Mar 06 09:45 : ffmpeg/mov,mp4,m4a,3gp,3g2,mj2: stream 0, timescale not set
Mar 06 09:45 : update: added /BVOC.m4a
Mar 06 09:45 : update: added /BVSY.mp3
Mar 06 09:45 : update: added /BWKX.mp3
Mar 06 09:45 : update: added /BXZN.mp3
Mar 06 09:45 : update: added /BYGM.mp3
Mar 06 09:45 : update: added /BZNU.mp3
Mar 06 09:45 : update: added /CBCN.mp3
Mar 06 09:45 : update: added /04. David Guetta feat. Kid Cudi - One Love - Memories.mp3
Mar 06 09:45 : update: added /07 Sander Kleinenberg - Can You Feel It ft Gwen McCrae.mp3
Mar 06 09:45 : update: added /08 Daft Punk - Get Lucky (feat. Pharrell Williams).mp3
Mar 06 09:45 : update: added /Aadha Ishq.mp3
Mar 06 09:45 : update: added /AAHQ.mp3
Mar 06 09:45 : update: added /AAIQ.mp3
Mar 06 09:45 : update: added /ABGV.mp3
Mar 06 09:45 : update: added /Abhi Mujh Mein Kahin.mp3
Mar 06 09:45 : update: added /ACDV.mp3
Mar 06 09:45 : update: added Adele - Skyfall 2012 Single/01. Skyfall.mp3
Mar 06 09:45 : update: added /ADWL.mp3
Mar 06 09:45 : update: added /AFVW.mp3
Mar 06 09:45 : avahi: Service 'Music Player' successfully established.
Mar 06 09:45 : update: added /AGQU.mp3
Mar 06 09:45 : update: added /AHNS.mp3
Mar 06 09:45 : update: added /CWCH.mp3
Mar 06 09:45 : update: added /CXGX.mp3
Mar 06 09:45 : update: added /CYQX.mp3
Mar 06 09:45 : update: added /CZYI.mp3
Mar 06 09:45 : update: added /DAIC.mp3
Mar 06 09:45 : update: added /david-guetta-ft-sia-titanium.mp3
Mar 06 09:45 : update: added /DBAR.mp3
Mar 06 09:45 : update: added /DDFM.mp3
Mar 06 09:45 : update: added /DDTC.mp3
Mar 06 09:45 : update: added /DELX.mp3
Mar 06 09:45 : update: added /DETK.mp3
Mar 06 09:45 : update: added /DFDZ.mp3
Mar 06 09:45 : update: added /DGAG.mp3
Mar 06 09:45 : update: added /DHGR.mp3
Mar 06 09:45 : update: added /DHYC.mp3
Mar 06 09:45 : update: added /DILH.mp3
Mar 06 09:45 : update: added /DJRD.mp3
Mar 06 09:45 : update: added /EHJW.mp3
Mar 06 09:45 : update: added /EIWG.mp3
Mar 06 09:45 : update: added /EIXA.mp3
Mar 06 09:45 : update: added /ELRQ.mp3
Mar 06 09:45 : update: added /Emotion 98.3 GTA Vice City radio full HQ.mp3
Mar 06 09:45 : update: added /EMOTION.MP3
Mar 06 09:45 : update: added /EOBP.mp3
Mar 06 09:45 : ffmpeg/mov,mp4,m4a,3gp,3g2,mj2: stream 0, timescale not set
Mar 06 09:45 : update: added /EOFA.m4a
Mar 06 09:45 : ffmpeg/mov,mp4,m4a,3gp,3g2,mj2: stream 0, timescale not set
Mar 06 09:45 : update: added /EPAM.m4a
Mar 06 09:45 : update: added /EQKT.mp3
Mar 06 09:45 : update: added /ERGW.mp3
Mar 06 09:45 : update: added /ESHL.mp3
Mar 06 09:45 : update: added /ESOV.mp3
Mar 06 09:45 : ffmpeg/mov,mp4,m4a,3gp,3g2,mj2: stream 0, timescale not set
Mar 06 09:45 : update: added /ETQX.m4a
Mar 06 09:45 : update: added /EUGQ.mp3
Mar 06 09:45 : update: added /EUWB.mp3
Mar 06 09:45 : update: added /EVIX.mp3
Mar 06 09:45 : update: added /EVSR.mp3
Mar 06 09:45 : update: added /EXSH.mp3
Mar 06 09:45 : update: added /FAXH.mp3
Mar 06 09:45 : update: added /FCQW.mp3
Mar 06 09:45 : update: added /FCRM.mp3
Mar 06 09:45 : update: added /FEVER.mp3
Mar 06 09:45 : update: added /FGLR.mp3
Mar 06 09:45 : update: added /FGQZ.mp3
Mar 06 09:45 : update: added /FGZD.mp3
Mar 06 09:45 : update: added /FGZV.mp3
Mar 06 09:45 : update: added /FJWU.mp3
Mar 06 09:45 : update: added /FKOI.mp3
Mar 06 09:45 : update: added /FKQF.mp3
Mar 06 09:45 : update: added /FLASH.MP3
Mar 06 09:45 : update: added /FMJY.mp3
Mar 06 09:45 : update: added /FOFQ.mp3
Mar 06 09:45 : ffmpeg/mov,mp4,m4a,3gp,3g2,mj2: stream 0, timescale not set
Mar 06 09:45 : update: added /FPQT.m4a
Mar 06 09:45 : update: added /FQLY.mp3
Mar 06 09:45 : update: added /FRFD.mp3
Mar 06 09:45 : update: added /FUXC.mp3
Mar 06 09:45 : update: added /FXZO.mp3
Mar 06 09:45 : update: added /FZEN.mp3
Mar 06 09:45 : update: added /Ganja_Gun.mp3
Mar 06 09:45 : update: added /GBSR.mp3
Mar 06 09:45 : update: added /GCPC.mp3
Mar 06 09:45 : update: added /GDYK.mp3
Mar 06 09:45 : update: added /GIFU.mp3
Mar 06 09:45 : update: added /GJFO.mp3
Mar 06 09:45 : update: added /GJKF.mp3
Mar 06 09:45 : update: added /GLVL.mp3
Mar 06 09:45 : update: added /GMUF.mp3
Mar 06 09:45 : update: added /GPBM.mp3
Mar 06 09:45 : update: added /GPQC.mp3
Mar 06 09:45 : update: added /GRBH.mp3
Mar 06 09:45 : update: added /GTYR.mp3
Mar 06 09:45 : ffmpeg/mov,mp4,m4a,3gp,3g2,mj2: stream 0, timescale not set
Mar 06 09:45 : update: added /GUAJ.m4a
Mar 06 09:45 : update: added /HKPZ.mp3
Mar 06 09:45 : update: added /HMTS.mp3
Mar 06 09:45 : ffmpeg/mov,mp4,m4a,3gp,3g2,mj2: stream 0, timescale not set
Mar 06 09:45 : update: added /HPCI.m4a
Mar 06 09:45 : update: added /HRFV.mp3
Mar 06 09:45 : update: added /HRNG.mp3
Mar 06 09:45 : update: added /HTXW.mp3
Mar 06 09:45 : update: added /HURE.mp3
Mar 06 09:45 : update: added /HXFO.mp3
Mar 06 09:45 : update: added /HYZC.mp3
Mar 06 09:45 : update: added /HYZS.mp3
Mar 06 09:45 : update: added /I've Been Waiting for a Girl Like You.mp3
Mar 06 09:45 : update: added /IBHY.mp3
Mar 06 09:45 : update: added /IBSY.mp3
Mar 06 09:45 : update: added /IBZP.mp3
Mar 06 09:45 : update: added /ICKF.mp3
Mar 06 09:45 : update: added /ICMF.mp3
Mar 06 09:45 : update: added /ICQL.mp3
Mar 06 09:45 : ffmpeg/mov,mp4,m4a,3gp,3g2,mj2: stream 0, timescale not set
Mar 06 09:45 : update: added /IEML.m4a
Mar 06 09:45 : update: added /IFYI.mp3
Mar 06 09:45 : update: added /IHYR.mp3
Mar 06 09:45 : update: added /IKHU.mp3
Mar 06 09:45 : ffmpeg/mov,mp4,m4a,3gp,3g2,mj2: stream 0, timescale not set
Mar 06 09:45 : update: added /IMIZ.m4a
Mar 06 09:45 : update: added /IMMX.mp3
Mar 06 09:45 : update: added /INKO.mp3
Mar 06 09:45 : update: added /INRA.mp3
Mar 06 09:45 : update: added /INWX.mp3
Mar 06 09:45 : update: added /IPMJ.mp3
Mar 06 09:45 : update: added /IPWM.mp3
Mar 06 09:45 : update: added /ISYK.mp3
Mar 06 09:45 : update: added /ITAK.mp3
Mar 06 09:45 : update: added /IWJH.mp3
Mar 06 09:45 : update: added /IWWC.mp3
Mar 06 09:45 : update: added /IXQR.mp3
Mar 06 09:45 : update: added /IYMT.mp3
Mar 06 09:45 : update: added /IZNL.mp3
Mar 06 09:45 : update: added /JAJL.mp3
Mar 06 09:45 : update: added /JBLF.mp3
Mar 06 09:45 : update: added /JCFS.mp3
Mar 06 09:45 : update: added /JCPA.mp3
Mar 06 09:45 : update: added /JEGE.mp3
Mar 06 09:45 : update: added /JEVW.mp3
Mar 06 09:45 : update: added /JJLT.mp3
Mar 06 09:45 : update: added /JLLG.mp3
Mar 06 09:45 : update: added /JLOL.mp3
Mar 06 09:45 : update: added /JLUZ.mp3
Mar 06 09:45 : update: added /JOAE.mp3
Mar 06 09:45 : update: added /JOEH.mp3
Mar 06 09:45 : update: added Johann Sebastian Bach Best of 2007/07 Johann Sebastian Bach - Braniborsky Koncert C.5 D Dur Bwv 1050 Allegro.mp3
Mar 06 09:45 : update: added Johann Sebastian Bach Best of 2007/01 Johann Sebastian Bach - Toccata A Fuga D Moll Bwv 565.mp3
Mar 06 09:45 : update: added Johann Sebastian Bach Best of 2007/02 Johann Sebastian Bach - Jesus Bleibet Meine Freude Bwv 147.mp3
Mar 06 09:45 : update: added Johann Sebastian Bach Best of 2007/03 Johann Sebastian Bach - Koncert Bwv 1059 Adagio.mp3
Mar 06 09:45 : update: added Johann Sebastian Bach Best of 2007/04 Johann Sebastian Bach - Koncert Bwv 1059 Presto.mp3
Mar 06 09:45 : update: added Johann Sebastian Bach Best of 2007/05 Johann Sebastian Bach - Braniborsky Koncert C.1 F Dur Bwv 1046 Allegro.mp3
Mar 06 09:45 : update: added Johann Sebastian Bach Best of 2007/06 Johann Sebastian Bach - Braniborsky Koncert C.2 F Dur Bwv 1047 Allegro.mp3
Mar 06 09:45 : update: added Johann Sebastian Bach Best of 2007/08 Johann Sebastian Bach - Francouzska Suita C.5 G Dur Bwv 816 Allemande.mp3
Mar 06 09:45 : update: added Johann Sebastian Bach Best of 2007/09 Johann Sebastian Bach - Francouzska Suita C.5 G Dur Bwv 816 Sarabande.mp3
Mar 06 09:45 : update: added Johann Sebastian Bach Best of 2007/10 Johann Sebastian Bach - Koncert Bwv 1043 Vivace.mp3
Mar 06 09:45 : update: added Johann Sebastian Bach Best of 2007/11 Johann Sebastian Bach - Koncert Bwv 1043 Largo Ma Non Tanto.mp3
Mar 06 09:45 : update: added Johann Sebastian Bach Best of 2007/12 Johann Sebastian Bach - Suita C.2 Bwv 1067 Badinerie.mp3
Mar 06 09:45 : update: added Johann Sebastian Bach Best of 2007/13 Johann Sebastian Bach - Suita C.3 Bwv 1068 Ouverture.mp3
Mar 06 09:45 : update: added Johann Sebastian Bach Best of 2007/14 Johann Sebastian Bach - Suita C.3 Bwv 1068 Air.mp3
Mar 06 09:45 : update: added Johann Sebastian Bach Best of 2007/15 Johann Sebastian Bach - Partita Pro Housle C.3 E Dur Bwv 1006 Preludio.mp3
Mar 06 09:45 : update: added Johann Sebastian Bach Best of 2007/16 Johann Sebastian Bach - Das Musikalische Opfer Bwv 1079 Canon.mp3
Mar 06 09:45 : update: added /Journey - Don't Stop Believing.mp3
Mar 06 09:45 : update: added /JQLZ.mp3
Mar 06 09:45 : update: added /JQOH.mp3
Mar 06 09:45 : update: added /JSBC.mp3
Mar 06 09:45 : update: added /JVAA.mp3
Mar 06 09:45 : update: added /JVBD.mp3
Mar 06 09:45 : update: added /JVHM.mp3
Mar 06 09:45 : update: added /JVHV.mp3
Mar 06 09:45 : update: added /JVMH.mp3
Mar 06 09:45 : update: added /JWYD.mp3
Mar 06 09:45 : ffmpeg/mov,mp4,m4a,3gp,3g2,mj2: stream 0, timescale not set
Mar 06 09:45 : update: added /JXGD.m4a
Mar 06 09:45 : ffmpeg/mov,mp4,m4a,3gp,3g2,mj2: stream 0, timescale not set
Mar 06 09:45 : update: added /JXQP.m4a
Mar 06 09:45 : update: added /JZSM.mp3
Mar 06 09:45 : update: added /KABR.mp3
Mar 06 09:45 : update: added /KAEO.mp3
Mar 06 09:45 : update: added /KCFT.mp3
Mar 06 09:45 : update: added /KCLW.mp3
Mar 06 09:45 : update: added /ketchup_song.mp3
Mar 06 09:45 : update: added /KFEJ.mp3
Mar 06 09:45 : update: added /KFJM.mp3
Mar 06 09:45 : update: added /KFUE.mp3
Mar 06 09:45 : update: added /KGEV.mp3
Mar 06 09:45 : update: added /KGFX.mp3
Mar 06 09:45 : update: added /KGSF.mp3
Mar 06 09:45 : update: added /KHJU.mp3
Mar 06 09:45 : update: added /KHXR.mp3
Mar 06 09:45 : update: added /KIBX.mp3
Mar 06 09:45 : update: added /KKUK.mp3
Mar 06 09:45 : update: added /KKZS.mp3
Mar 06 09:45 : update: added /KLKE.mp3
Mar 06 09:45 : update: added /KLQX.mp3
Mar 06 09:45 : update: added /KLUS.mp3
Mar 06 09:45 : update: added /KNYG.mp3
Mar 06 09:45 : update: added /KOUM.mp3
Mar 06 09:45 : ffmpeg/mov,mp4,m4a,3gp,3g2,mj2: stream 0, timescale not set
Mar 06 09:45 : update: added /LHES.m4a
Mar 06 09:45 : update: added /LHRP.mp3
Mar 06 09:45 : update: added /LKMV.mp3
Mar 06 09:45 : update: added /LLWT.mp3
Mar 06 09:45 : update: added /LNGS.mp3
Mar 06 09:45 : update: added /los cuates de sinaloa.mp3
Mar 06 09:45 : update: added /LOTX.mp3
Mar 06 09:45 : update: added /LQQD.mp3
Mar 06 09:45 : update: added /LRBT.mp3
Mar 06 09:45 : update: added /LRLT.mp3
Mar 06 09:45 : update: added /LRPC.mp3
Mar 06 09:45 : update: added /LUAA.mp3
Mar 06 09:45 : update: added /LUPG.mp3
Mar 06 09:45 : ffmpeg/mov,mp4,m4a,3gp,3g2,mj2: stream 0, timescale not set
Mar 06 09:45 : update: added /LVJR.m4a
Mar 06 09:45 : update: added /LWUI.mp3
Mar 06 09:45 : update: added /LXLG.mp3
Mar 06 09:45 : update: added /LYCE.mp3
Mar 06 09:45 : update: added /LYVS.mp3
Mar 06 09:45 : update: added /Manali Trance (The Shaukeens).mp3
Mar 06 09:45 : update: added /MWFI.mp3
Mar 06 09:45 : update: added /MWVM.mp3
Mar 06 09:45 : update: added /MXKC.mp3
Mar 06 09:45 : update: added /MXWV.mp3
Mar 06 09:45 : update: added /MZRY.mp3
Mar 06 09:45 : update: added /NCLI.mp3
Mar 06 09:45 : update: added /NIPI.mp3
Mar 06 09:45 : update: added /NJCG.mp3
Mar 06 09:45 : update: added /NJZQ.mp3
Mar 06 09:45 : update: added /NKLP.mp3
Mar 06 09:45 : update: added /NMHS.mp3
Mar 06 09:45 : update: added /NMYP.mp3
Mar 06 09:45 : ffmpeg/mov,mp4,m4a,3gp,3g2,mj2: stream 0, timescale not set
Mar 06 09:45 : update: added /NNIX.m4a
Mar 06 09:45 : ffmpeg/mov,mp4,m4a,3gp,3g2,mj2: stream 0, timescale not set
Mar 06 09:45 : update: added /NOAP.m4a
Mar 06 09:45 : update: added /Noor-e-khuda.mp3
Mar 06 09:45 : update: added /NPON.mp3
Mar 06 09:45 : update: added /NQCI.mp3
Mar 06 09:45 : update: added /NSHR.mp3
Mar 06 09:45 : update: added /NUEZ.mp3
Mar 06 09:45 : update: added /NUIR.mp3
Mar 06 09:45 : update: added /NVCH.mp3
Mar 06 09:45 : update: added /NWEM.mp3
Mar 06 09:45 : update: added /NWMI.mp3
Mar 06 09:45 : update: added /NWOO.mp3
Mar 06 09:45 : update: added /NWTX.mp3
Mar 06 09:45 : update: added /NXQP.mp3
Mar 06 09:45 : update: added /NXYV.mp3
Mar 06 09:45 : update: added /NZBT.mp3
Mar 06 09:45 : update: added /OAIQ.mp3
Mar 06 09:45 : update: added /OAZP.mp3
Mar 06 09:45 : update: added /OCZX.mp3
Mar 06 09:45 : update: added /OEOO.mp3
Mar 06 09:45 : update: added /OEPI.mp3
Mar 06 09:45 : update: added /OGDO.mp3
Mar 06 09:45 : update: added /OGGU.mp3
Mar 06 09:45 : update: added /OICR.mp3
Mar 06 09:45 : update: added /ONMO.mp3
Mar 06 09:45 : update: added /OOBY.mp3
Mar 06 09:45 : update: added /OOCE.mp3
Mar 06 09:45 : update: added /OONM.mp3
Mar 06 09:45 : update: added /OPTQ.mp3
Mar 06 09:45 : update: added /OQTM.mp3
Mar 06 09:45 : update: added /OQUY.mp3
Mar 06 09:45 : update: added /OQZA.mp3
Mar 06 09:45 : update: added /ORTW.mp3
Mar 06 09:45 : update: added /OTAT.mp3
Mar 06 09:45 : update: added /OTQU.mp3
Mar 06 09:45 : update: added /OTXX.mp3
Mar 06 09:45 : update: added /OVDY.mp3
Mar 06 09:45 : update: added /PBRY.mp3
Mar 06 09:45 : ffmpeg/mov,mp4,m4a,3gp,3g2,mj2: stream 0, timescale not set
Mar 06 09:45 : update: added /PCFD.m4a
Mar 06 09:45 : update: added /PDFJ.mp3
Mar 06 09:45 : update: added Pearl Jam - The Singles/13 - Pearl Jam - Last Kiss (1999).mp3
Mar 06 09:45 : update: added Pearl Jam - The Singles/01 - Pearl Jam - Alive (1992).mp3
Mar 06 09:45 : update: added Pearl Jam - The Singles/02 - Pearl Jam - Even Flow (1992).mp3
Mar 06 09:45 : update: added Pearl Jam - The Singles/03 - Pearl Jam - Jeremy (1992).mp3
Mar 06 09:45 : update: added Pearl Jam - The Singles/04 - Pearl Jam - Go (1993).mp3
Mar 06 09:45 : update: added Pearl Jam - The Singles/05 - Pearl Jam - Daughter (1993).mp3
Mar 06 09:45 : update: added Pearl Jam - The Singles/06 - Pearl Jam - Dissident (1994).mp3
Mar 06 09:45 : update: added Pearl Jam - The Singles/07 - Pearl Jam - Spin The Black Circle (1994).mp3
Mar 06 09:45 : update: added Pearl Jam - The Singles/08 - Pearl Jam - Tremor Christ (1994).mp3
Mar 06 09:45 : update: added Pearl Jam - The Singles/09 - Pearl Jam - Not For You (1995).mp3
Mar 06 09:45 : update: added Pearl Jam - The Singles/10 - Pearl Jam - Who You Are (1996).mp3
Mar 06 09:45 : update: added Pearl Jam - The Singles/11 - Pearl Jam - Given To Fly (1998).mp3
Mar 06 09:45 : update: added Pearl Jam - The Singles/12 - Pearl Jam - Wishlist (1998).mp3
Mar 06 09:45 : update: added Pearl Jam - The Singles/14 - Pearl Jam - Nothing As It Seems (2000).mp3
Mar 06 09:45 : update: added Pearl Jam - The Singles/15 - Pearl Jam - Light Years (2000).mp3
Mar 06 09:45 : update: added Pearl Jam - The Singles/16 - Pearl Jam - I Am Mine (2002).mp3
Mar 06 09:45 : update: added Pearl Jam - The Singles/17 - Pearl Jam - World Wide Suicide (2006).mp3
Mar 06 09:45 : update: added Pearl Jam - The Singles/18 - Pearl Jam - The Fixer (2009).mp3
Mar 06 09:45 : update: added Pearl Jam - The Singles/19 - Pearl Jam - Just Breathe (2009).mp3
Mar 06 09:45 : update: added Pearl Jam - The Singles/20 - Pearl Jam - Got Some (2009).mp3
Mar 06 09:45 : update: added /Phir Se Ud Chala.mp3
Mar 06 09:45 : update: added /PIAL.mp3
Mar 06 09:45 : update: added /QKXY.mp3
Mar 06 09:45 : update: added /QMDL.mp3
Mar 06 09:45 : update: added /QMDY.mp3
Mar 06 09:45 : avahi: Service 'Music Player' successfully established.
Mar 06 09:51 : client: [0] opened from [::1]:54031
Mar 06 09:51 : client: [0] closed
Mar 06 09:52 : avahi: Service 'Music Player' successfully established.
Mar 06 09:52 : client: [0] opened from 127.0.0.1:53310
Mar 06 09:56 : client: [0] closed
Mar 06 09:56 : client: [1] opened from 127.0.0.1:53337
Mar 06 09:56 : ffmpeg/mov,mp4,m4a,3gp,3g2,mj2: stream 0, timescale not set
Mar 06 09:56 : update: added /QMZP.m4a
Mar 06 09:56 : update: added /QNHX.mp3
Mar 06 09:56 : update: added /QOEB.mp3
Mar 06 09:56 : update: added /QOEO.mp3
Mar 06 09:56 : update: added /QPWD.mp3
Mar 06 09:56 : update: added /QRMI.mp3
Mar 06 09:56 : update: added /QSVR.mp3
Mar 06 09:56 : ffmpeg/mov,mp4,m4a,3gp,3g2,mj2: stream 0, timescale not set
Mar 06 09:56 : update: added /QTHS.m4a
Mar 06 09:56 : update: added /QTYZ.mp3
Mar 06 09:56 : update: added /QVGU.mp3
Mar 06 09:56 : update: added /QWXP.mp3
Mar 06 09:56 : update: added /QYBU.mp3
Mar 06 09:56 : update: added /QYGW.mp3
Mar 06 09:56 : update: added /QZVN.m4a
Mar 06 09:56 : update: added /Raabta (Kehte Hain Khuda Ne).mp3
Mar 06 09:56 : update: added /RABS.mp3
Mar 06 09:56 : update: added /RCBT.mp3
Mar 06 09:56 : update: added /RCRB.mp3
Mar 06 09:56 : update: added /REGX.mp3
Mar 06 09:56 : update: added /REWT.mp3
Mar 06 09:56 : update: added /RFKC.mp3
Mar 06 09:56 : update: added /RHOX.mp3
Mar 06 09:56 : ffmpeg/mov,mp4,m4a,3gp,3g2,mj2: stream 0, timescale not set
Mar 06 09:56 : update: added /RJMW.m4a
Mar 06 09:56 : update: added /RLDA.mp3
Mar 06 09:56 : update: added /RMMC.mp3
Mar 06 09:56 : update: added /RMRH.mp3
Mar 06 09:56 : update: added /RMXN.mp3
Mar 06 09:56 : update: added /RPCF.mp3
Mar 06 09:56 : update: added /RPFH.mp3
Mar 06 09:56 : update: added /RRWY.mp3
Mar 06 09:56 : update: added /RSEJ.mp3
Mar 06 09:56 : update: added /RSFG.mp3
Mar 06 09:56 : ffmpeg/mov,mp4,m4a,3gp,3g2,mj2: stream 0, timescale not set
Mar 06 09:56 : update: added /RUWD.m4a
Mar 06 09:56 : update: added /RWEU.mp3
Mar 06 09:56 : update: added /RXRG.mp3
Mar 06 09:56 : update: added /RXWA.mp3
Mar 06 09:56 : update: added /RXZL.mp3
Mar 06 09:56 : update: added /RZSH.mp3
Mar 06 09:56 : update: added /RZUG.mp3
Mar 06 09:56 : update: added /Samjhawan.mp3
Mar 06 09:56 : update: added /Sapnon Se Bhare Naina.mp3
Mar 06 09:56 : update: added /SBSG.mp3
Mar 06 09:56 : update: added /SCRY.mp3
Mar 06 09:56 : update: added /SDIJ.mp3
Mar 06 09:56 : update: added /SEJC.mp3
Mar 06 09:56 : update: added /SFKX.mp3
Mar 06 09:56 : ffmpeg/mov,mp4,m4a,3gp,3g2,mj2: stream 0, timescale not set
Mar 06 09:56 : update: added /TJRQ.m4a
Mar 06 09:56 : update: added /TJVS.mp3
Mar 06 09:56 : update: added /TKVJ.mp3
Mar 06 09:56 : update: added /TLGU.mp3
Mar 06 09:56 : update: added /TLOS.mp3
Mar 06 09:56 : update: added /TMDW.mp3
Mar 06 09:56 : update: added /TNNZ.mp3
Mar 06 09:56 : update: added /TQBH.mp3
Mar 06 09:56 : update: added /TQMM.mp3
Mar 06 09:56 : update: added /TQXZ.mp3
Mar 06 09:56 : ffmpeg/mov,mp4,m4a,3gp,3g2,mj2: stream 0, timescale not set
Mar 06 09:56 : update: added /TREG.m4a
Mar 06 09:56 : update: added /TRVI.mp3
Mar 06 09:56 : update: added /TSMX.mp3
Mar 06 09:56 : update: added /TSZZ.mp3
Mar 06 09:56 : update: added /TTOX.mp3
Mar 06 09:56 : update: added /TVNW.mp3
Mar 06 09:56 : ffmpeg/mov,mp4,m4a,3gp,3g2,mj2: stream 0, timescale not set
Mar 06 09:56 : update: added /VAWC.m4a
Mar 06 09:56 : update: added /VEAT.mp3
Mar 06 09:56 : update: added /VFKC.mp3
Mar 06 09:56 : update: added /VGER.mp3
Mar 06 09:56 : update: added /VGSV.mp3
Mar 06 09:56 : update: added /VJSE.mp3
Mar 06 09:56 : update: added /VJUG.mp3
Mar 06 09:56 : update: added /VKEN.mp3
Mar 06 09:56 : update: added /VKLV.mp3
Mar 06 09:56 : ffmpeg/mov,mp4,m4a,3gp,3g2,mj2: stream 0, timescale not set
Mar 06 09:56 : update: added /VNIB.m4a
Mar 06 09:56 : ffmpeg/mov,mp4,m4a,3gp,3g2,mj2: stream 0, timescale not set
Mar 06 09:56 : update: added /VPXF.m4a
Mar 06 09:56 : update: added /VRKM.mp3
Mar 06 09:56 : update: added /VSJF.mp3
Mar 06 09:56 : update: added /VSWS.mp3
Mar 06 09:56 : update: added /VTEY.mp3
Mar 06 09:56 : update: added /VTTU.mp3
Mar 06 09:56 : update: added /VUOC.mp3
Mar 06 09:56 : update: added /VWAJ.mp3
Mar 06 09:56 : update: added /VXCK.mp3
Mar 06 09:56 : update: added /VXUZ.mp3
Mar 06 09:56 : update: added /VZUV.mp3
Mar 06 09:56 : update: added /WAGV.mp3
Mar 06 09:56 : update: added /WAXU.mp3
Mar 06 09:56 : update: added /WAZO.mp3
Mar 06 09:56 : ffmpeg/mov,mp4,m4a,3gp,3g2,mj2: stream 0, timescale not set
Mar 06 09:56 : update: added /WBWO.m4a
Mar 06 09:56 : update: added /WCYA.mp3
Mar 06 09:56 : update: added /WERK.mp3
Mar 06 09:56 : update: added /WGAR.mp3
Mar 06 09:56 : update: added /What Is Love [Saturday Night Live Version][Version].mp3
Mar 06 09:56 : update: added /Whitesnake - Here I Go Again 87.mp3
Mar 06 09:56 : update: added /WHRP.mp3
Mar 06 09:56 : update: added /WHUS.mp3
Mar 06 09:56 : update: added /WIMN.mp3
Mar 06 09:56 : update: added /WJCQ.mp3
Mar 06 09:56 : update: added /WKJV.mp3
Mar 06 09:56 : update: added /WMQE.mp3
Mar 06 09:56 : update: added /WNNS.mp3
Mar 06 09:56 : update: added /WPMO.mp3
Mar 06 09:56 : update: added /WSXC.mp3
Mar 06 09:56 : update: added /WUKJ.mp3
Mar 06 09:56 : update: added /WWAO.mp3
Mar 06 09:56 : update: added /WWYX.mp3
Mar 06 09:56 : update: added /XCKW.mp3
Mar 06 09:56 : update: added /XDER.mp3
Mar 06 09:56 : update: added /XDTS.mp3
Mar 06 09:56 : update: added /XEHP.mp3
Mar 06 09:56 : update: added /XELS.mp3
Mar 06 09:56 : update: added /XEMD.mp3
Mar 06 09:56 : update: added /XFEY.mp3
Mar 06 09:56 : update: added /XGDE.mp3
Mar 06 09:56 : update: added /XGWB.mp3
Mar 06 09:56 : update: added /XGXF.mp3
Mar 06 09:56 : update: added /YFJZ.mp3
Mar 06 09:56 : update: added /YFLS.mp3
Mar 06 09:56 : update: added /YGTJ.mp3
Mar 06 09:56 : update: added /YILY.mp3
Mar 06 09:56 : update: added /YJGH.mp3
Mar 06 09:56 : update: added /YMMN.mp3
Mar 06 09:56 : update: added /YOVY.mp3
Mar 06 09:56 : update: added /YQQY.mp3
Mar 06 09:56 : update: added /YQUJ.mp3
Mar 06 09:56 : update: added /YRIE.mp3
Mar 06 09:56 : ffmpeg/mov,mp4,m4a,3gp,3g2,mj2: stream 0, timescale not set
Mar 06 09:56 : update: added /YSKM.m4a
Mar 06 09:56 : update: added /YSPH.mp3
Mar 06 09:56 : update: added /YVRF.mp3
Mar 06 09:56 : update: added /YYJE.mp3
Mar 06 09:56 : update: added /YYVY.mp3
Mar 06 09:56 : update: added /YZHI.mp3
Mar 06 09:56 : ffmpeg/mov,mp4,m4a,3gp,3g2,mj2: stream 0, timescale not set
Mar 06 09:56 : update: added /YZTY.m4a
Mar 06 09:56 : update: added /ZBRZ.mp3
Mar 06 09:56 : update: added /ZDMM.mp3
Mar 06 09:56 : update: added /ZDNA.mp3
Mar 06 09:56 : update: added /ZELY.mp3
Mar 06 09:56 : update: added /ZGBZ.mp3
Mar 06 09:56 : update: added /ZGDS.mp3
Mar 06 09:56 : update: added /ZGTG.mp3
Mar 06 09:56 : update: added /ZGYH.mp3
Mar 06 09:56 : update: added /ZHMY.mp3
Mar 06 09:56 : update: added /ZIEI.mp3
Mar 06 09:56 : update: added /ZJCO.mp3
Mar 06 09:56 : update: added /ZJIE.mp3
Mar 06 09:56 : update: added /ZLEM.mp3
Mar 06 09:56 : update: added /ZRCJ.mp3
Mar 06 09:56 : update: added /ZRSB.mp3
Mar 06 09:56 : update: added /ZSKL.mp3
Mar 06 09:56 : update: added /ZUQQ.mp3
Mar 06 09:56 : update: added /ZVLZ.mp3
Mar 06 09:56 : update: added /ZVNI.mp3
Mar 06 09:56 : update: added /ZYGA.mp3
Mar 06 09:56 : update: added /ZYLM.mp3
Mar 06 09:56 : update: added /ZZLL.mp3
Mar 06 09:56 : update: added /XJTL.mp3
Mar 06 09:56 : ffmpeg/mov,mp4,m4a,3gp,3g2,mj2: stream 0, timescale not set
Mar 06 09:56 : update: added /XKLP.m4a
Mar 06 09:56 : update: added /XLEO.mp3
Mar 06 09:56 : update: added /XNJX.mp3
Mar 06 09:56 : update: added /XOYF.mp3
Mar 06 09:56 : update: added /XPGK.mp3
Mar 06 09:56 : ffmpeg/mov,mp4,m4a,3gp,3g2,mj2: stream 0, timescale not set
Mar 06 09:56 : update: added /XPZV.m4a
Mar 06 09:56 : update: added /XRLV.mp3
Mar 06 09:56 : ffmpeg/mov,mp4,m4a,3gp,3g2,mj2: stream 0, timescale not set
Mar 06 09:56 : update: added /XRTU.m4a
Mar 06 09:56 : update: added /XVBD.mp3
Mar 06 09:56 : update: added /XWXF.mp3
Mar 06 09:56 : update: added /XXYN.mp3
Mar 06 09:56 : update: added /XYBO.mp3
Mar 06 09:56 : update: added /YABL.mp3
Mar 06 09:56 : update: added /YBTK.mp3
Mar 06 09:56 : update: added /YDQN.mp3
Mar 06 09:56 : update: added /YDYF.mp3
Mar 06 09:56 : update: added /YEBR.mp3
Mar 06 09:56 : update: added /Yeh Zindagi Bhi.mp3
Mar 06 09:56 : update: added /PKMH.mp3
Mar 06 09:56 : update: added /PMVG.mp3
Mar 06 09:56 : update: added /PNNI.mp3
Mar 06 09:56 : update: added /POIB.mp3
Mar 06 09:56 : update: added /Porter Robinson - Language [Single 2012].mp3
Mar 06 09:56 : update: added /PPCP.mp3
Mar 06 09:56 : update: added /PPXK.mp3
Mar 06 09:56 : update: added /Pyaar Ki Daastan.mp3
Mar 06 09:56 : update: added /PYEG.mp3
Mar 06 09:56 : update: added /PYJC.mp3
Mar 06 09:56 : update: added /QBYQ.mp3
Mar 06 09:56 : update: added /QCGB.mp3
Mar 06 09:56 : update: added /QGKH.mp3
Mar 06 09:56 : update: added /QHBB.mp3
Mar 06 09:56 : update: added /QHIO.mp3
Mar 06 09:56 : update: added /QIOR.mp3
Mar 06 09:56 : ffmpeg/mov,mp4,m4a,3gp,3g2,mj2: stream 0, timescale not set
Mar 06 09:56 : update: added /QIRU.m4a
Mar 06 09:56 : update: added /QJEY.mp3
Mar 06 09:56 : update: added /QJOV.mp3
Mar 06 09:56 : update: added /DNQR.mp3
Mar 06 09:56 : update: added /DNUM.mp3
Mar 06 09:56 : update: added /DOAW.mp3
Mar 06 09:56 : update: added /DOLY.mp3
Mar 06 09:56 : update: added /DPWB.mp3
Mar 06 09:56 : update: added /DRMB.mp3
Mar 06 09:56 : update: added /DTSU.mp3
Mar 06 09:56 : update: added /DUYC.mp3
Mar 06 09:56 : update: added /DWMN.mp3
Mar 06 09:56 : update: added /DYIF.mp3
Mar 06 09:56 : update: added /DZKQ.mp3
Mar 06 09:56 : update: added /EAEE.mp3
Mar 06 09:56 : update: added /EBLY.mp3
Mar 06 09:56 : update: added /EBUW.mp3
Mar 06 09:56 : update: added /EDTL.mp3
Mar 06 09:56 : update: added /EDWA.mp3
Mar 06 09:56 : update: added /EEIH.mp3
Mar 06 09:56 : update: added /EGRG.mp3
Mar 06 09:56 : update: added /SNIR.mp3
Mar 06 09:56 : ffmpeg/mov,mp4,m4a,3gp,3g2,mj2: stream 0, timescale not set
Mar 06 09:56 : update: added /SNQJ.m4a
Mar 06 09:56 : update: added /Sooraj Dooba Hai.mp3
Mar 06 09:56 : update: added /SQIS.mp3
Mar 06 09:56 : ffmpeg/mov,mp4,m4a,3gp,3g2,mj2: stream 0, timescale not set
Mar 06 09:56 : update: added /SSZA.m4a
Mar 06 09:56 : update: added /STMT.mp3
Mar 06 09:56 : update: added /STXD.mp3
Mar 06 09:56 : update: added /SVDK.mp3
Mar 06 09:56 : update: added /SWXW.mp3
Mar 06 09:56 : update: added /SYIS.mp3
Mar 06 09:56 : update: added /SZAI.mp3
Mar 06 09:56 : update: added /TAOM.mp3
Mar 06 09:56 : update: added /TCFC.mp3
Mar 06 09:56 : update: added /TCYY.mp3
Mar 06 09:56 : ffmpeg/mov,mp4,m4a,3gp,3g2,mj2: stream 0, timescale not set
Mar 06 09:56 : update: added /TDAV.m4a
Mar 06 09:56 : update: added /TEXA.mp3
Mar 06 09:56 : update: added /TEXO.mp3
Mar 06 09:56 : update: added /TFBQ.mp3
Mar 06 09:56 : update: added /MCGP.mp3
Mar 06 09:56 : update: added /MGPC.mp3
Mar 06 09:56 : update: added /MHDY.mp3
Mar 06 09:56 : update: added /MIEP.mp3
Mar 06 09:56 : update: added /MIEY.mp3
Mar 06 09:56 : update: added /MIQE.mp3
Mar 06 09:56 : update: added /MJOA.mp3
Mar 06 09:56 : update: added /MJZM.mp3
Mar 06 09:56 : update: added /MKVA.mp3
Mar 06 09:56 : update: added Mozart - The Very Best Of Mozart [2CDs].www.lokotorrents.com/CD1/02 из Mozart - The Very Best Of Mozart - CD1.mp3
Mar 06 09:56 : update: added Mozart - The Very Best Of Mozart [2CDs].www.lokotorrents.com/CD1/03 из Mozart - The Very Best Of Mozart - CD1.mp3
Mar 06 09:56 : update: added Mozart - The Very Best Of Mozart [2CDs].www.lokotorrents.com/CD1/04 из Mozart - The Very Best Of Mozart - CD1.mp3
Mar 06 09:56 : update: added Mozart - The Very Best Of Mozart [2CDs].www.lokotorrents.com/CD1/05 из Mozart - The Very Best Of Mozart - CD1.mp3
Mar 06 09:56 : update: added Mozart - The Very Best Of Mozart [2CDs].www.lokotorrents.com/CD1/07 из Mozart - The Very Best Of Mozart - CD1.mp3
Mar 06 09:56 : update: added Mozart - The Very Best Of Mozart [2CDs].www.lokotorrents.com/CD1/08 из Mozart - The Very Best Of Mozart - CD1.mp3
Mar 06 09:56 : update: added Mozart - The Very Best Of Mozart [2CDs].www.lokotorrents.com/CD1/09 из Mozart - The Very Best Of Mozart - CD1.mp3
Mar 06 09:56 : update: added Mozart - The Very Best Of Mozart [2CDs].www.lokotorrents.com/CD1/10 из Mozart - The Very Best Of Mozart - CD1.mp3
Mar 06 09:56 : update: added Mozart - The Very Best Of Mozart [2CDs].www.lokotorrents.com/CD1/11 из Mozart - The Very Best Of Mozart - CD1.mp3
Mar 06 09:56 : update: added Mozart - The Very Best Of Mozart [2CDs].www.lokotorrents.com/CD1/12 из Mozart - The Very Best Of Mozart - CD1.mp3
Mar 06 09:56 : update: added Mozart - The Very Best Of Mozart [2CDs].www.lokotorrents.com/CD1/13 из Mozart - The Very Best Of Mozart - CD1.mp3
Mar 06 09:56 : update: added Mozart - The Very Best Of Mozart [2CDs].www.lokotorrents.com/CD2/01 из Mozart - The Very Best Of Mozart - CD2.mp3
Mar 06 09:56 : update: added Mozart - The Very Best Of Mozart [2CDs].www.lokotorrents.com/CD2/02 из Mozart - The Very Best Of Mozart - CD2.mp3
Mar 06 09:56 : update: added Mozart - The Very Best Of Mozart [2CDs].www.lokotorrents.com/CD2/03 из Mozart - The Very Best Of Mozart - CD2.mp3
Mar 06 09:56 : update: added Mozart - The Very Best Of Mozart [2CDs].www.lokotorrents.com/CD2/04 из Mozart - The Very Best Of Mozart - CD2.mp3
Mar 06 09:56 : update: added Mozart - The Very Best Of Mozart [2CDs].www.lokotorrents.com/CD2/06 из Mozart - The Very Best Of Mozart - CD2.mp3
Mar 06 09:56 : update: added Mozart - The Very Best Of Mozart [2CDs].www.lokotorrents.com/CD2/08 из Mozart - The Very Best Of Mozart - CD2.mp3
Mar 06 09:56 : update: added Mozart - The Very Best Of Mozart [2CDs].www.lokotorrents.com/CD2/09 из Mozart - The Very Best Of Mozart - CD2.mp3
Mar 06 09:56 : update: added /MQBE.mp3
Mar 06 09:56 : ffmpeg/mov,mp4,m4a,3gp,3g2,mj2: stream 0, timescale not set
Mar 06 09:56 : update: added /MRMC.m4a
Mar 06 09:56 : update: added /MTEU.mp3
Mar 06 09:56 : update: added /MVHB.mp3
Mar 06 09:56 : update: added /GWIR.mp3
Mar 06 09:56 : update: added /GXIM.mp3
Mar 06 09:56 : update: added /HABD.mp3
Mar 06 09:56 : update: added /HANA.mp3
Mar 06 09:56 : update: added Hans Zimmer - Rush - 2013 [FLAC]/01. 1976.flac
Mar 06 09:56 : update: added Hans Zimmer - Rush - 2013 [FLAC]/02. I Could Show You If You'd Like.flac
Mar 06 09:56 : update: added Hans Zimmer - Rush - 2013 [FLAC]/03. I Hear You Knocking.flac
Mar 06 09:56 : update: added Hans Zimmer - Rush - 2013 [FLAC]/04. Stopwatch.flac
Mar 06 09:56 : update: added Hans Zimmer - Rush - 2013 [FLAC]/05. Into The Red.flac
Mar 06 09:56 : update: added Hans Zimmer - Rush - 2013 [FLAC]/06. Budgie.flac
Mar 06 09:56 : update: added Hans Zimmer - Rush - 2013 [FLAC]/07. Scuderia.flac
Mar 06 09:56 : update: added Hans Zimmer - Rush - 2013 [FLAC]/08. Gimme Some Lovin.flac
Mar 06 09:56 : update: added Hans Zimmer - Rush - 2013 [FLAC]/09. Oysters In The Pit.flac
Mar 06 09:56 : update: added Hans Zimmer - Rush - 2013 [FLAC]/10. 20%.flac
Mar 06 09:56 : update: added Hans Zimmer - Rush - 2013 [FLAC]/11. Dyna-Mite.flac
Mar 06 09:56 : update: added Hans Zimmer - Rush - 2013 [FLAC]/12. Watkins Glen.flac
Mar 06 09:56 : update: added Hans Zimmer - Rush - 2013 [FLAC]/13. Loose Cannon.flac
Mar 06 09:56 : update: added Hans Zimmer - Rush - 2013 [FLAC]/14. The Rocker.flac
Mar 06 09:56 : update: added Hans Zimmer - Rush - 2013 [FLAC]/15. Car Trouble.flac
Mar 06 09:56 : update: added Hans Zimmer - Rush - 2013 [FLAC]/16. Gluck.flac
Mar 06 09:56 : update: added Hans Zimmer - Rush - 2013 [FLAC]/17. Nurburgring.flac
Mar 06 09:56 : update: added Hans Zimmer - Rush - 2013 [FLAC]/18. Inferno.flac
Mar 06 09:56 : update: added Hans Zimmer - Rush - 2013 [FLAC]/19. Mount Fuji.flac
Mar 06 09:56 : update: added Hans Zimmer - Rush - 2013 [FLAC]/20. For Love.flac
Mar 06 09:56 : update: added Hans Zimmer - Rush - 2013 [FLAC]/21. Reign.flac
Mar 06 09:56 : update: added Hans Zimmer - Rush - 2013 [FLAC]/22. Fame.flac
Mar 06 09:56 : update: added Hans Zimmer - Rush - 2013 [FLAC]/23. Lost But Won.flac
Mar 06 09:56 : update: added Hans Zimmer - Rush - 2013 [FLAC]/24. My Best Enemy.flac
Mar 06 09:56 : update: added /HAQM.mp3
Mar 06 09:56 : update: added /Hardwell feat. Matthew Koma - Dare You (Extended Mix).mp3
Mar 06 09:56 : update: added /HBSD.mp3
Mar 06 09:56 : update: added /HBSG.mp3
Mar 06 09:56 : update: added /HDAG.mp3
Mar 06 09:56 : update: added /HDJX.mp3
Mar 06 09:56 : update: added /HDUW.mp3
Mar 06 09:56 : update: added /HEPI.mp3
Mar 06 09:56 : update: added /HEQC.mp3
Mar 06 09:56 : update: added /HFHR.mp3
Mar 06 09:56 : update: added /HGEF.mp3
Mar 06 09:56 : update: added /HGVA.mp3
Mar 06 09:56 : ffmpeg/mov,mp4,m4a,3gp,3g2,mj2: stream 0, timescale not set
Mar 06 09:56 : update: added /KRRJ.m4a
Mar 06 09:56 : update: added /KSVU.mp3
Mar 06 09:56 : update: added /KUAG.mp3
Mar 06 09:56 : update: added /KUKJ.mp3
Mar 06 09:56 : update: added /KWBN.mp3
Mar 06 09:56 : update: added /KXRF.mp3
Mar 06 09:56 : update: added /KYRB.mp3
Mar 06 09:56 : update: added /KZGO.mp3
Mar 06 09:56 : update: added /LAOW.mp3
Mar 06 09:56 : update: added /Las Ketchup - Asereje (The ketchup song) (spanish version).mp3
Mar 06 09:56 : update: added /LBIT.mp3
Mar 06 09:56 : update: added /LDHA.mp3
Mar 06 09:56 : update: added /LGGV.mp3
Mar 06 09:56 : update: added /CCEQ.mp3
Mar 06 09:56 : update: added /CCFP.mp3
Mar 06 09:56 : update: added /CHHI.mp3
Mar 06 09:56 : update: added /CHVK.mp3
Mar 06 09:56 : update: added /CMSV.mp3
Mar 06 09:56 : update: added /CMWH.mp3
Mar 06 09:56 : update: added /CMYT.mp3
Mar 06 09:56 : update: added /Coco_jambo-MrPresident.mp3
Mar 06 09:56 : update: added /COKO.mp3
Mar 06 09:56 : update: added Coldplay - Ghost Stories [2014] [Deluxe Edition] [Mp3-320]-V3nom [GLT]/01 Always In My Head.mp3
Mar 06 09:56 : update: added Coldplay - Ghost Stories [2014] [Deluxe Edition] [Mp3-320]-V3nom [GLT]/02 Magic.mp3
Mar 06 09:56 : update: added Coldplay - Ghost Stories [2014] [Deluxe Edition] [Mp3-320]-V3nom [GLT]/03 Ink.mp3
Mar 06 09:56 : update: added Coldplay - Ghost Stories [2014] [Deluxe Edition] [Mp3-320]-V3nom [GLT]/04 True Love.mp3
Mar 06 09:56 : update: added Coldplay - Ghost Stories [2014] [Deluxe Edition] [Mp3-320]-V3nom [GLT]/05 Midnight.mp3
Mar 06 09:56 : update: added Coldplay - Ghost Stories [2014] [Deluxe Edition] [Mp3-320]-V3nom [GLT]/06 Another's Arms.mp3
Mar 06 09:56 : update: added Coldplay - Ghost Stories [2014] [Deluxe Edition] [Mp3-320]-V3nom [GLT]/07 Oceans.mp3
Mar 06 09:56 : update: added Coldplay - Ghost Stories [2014] [Deluxe Edition] [Mp3-320]-V3nom [GLT]/08 A Sky Full Of Stars.mp3
Mar 06 09:56 : update: added Coldplay - Ghost Stories [2014] [Deluxe Edition] [Mp3-320]-V3nom [GLT]/09 O.mp3
Mar 06 09:56 : update: added Coldplay - Ghost Stories [2014] [Deluxe Edition] [Mp3-320]-V3nom [GLT]/10 All Your Friends.mp3
Mar 06 09:56 : update: added Coldplay - Ghost Stories [2014] [Deluxe Edition] [Mp3-320]-V3nom [GLT]/11 Ghost Story.mp3
Mar 06 09:56 : update: added Coldplay - Ghost Stories [2014] [Deluxe Edition] [Mp3-320]-V3nom [GLT]/12 O (Part 2 - Reprise).mp3
Mar 06 09:56 : update: added /CPNX.mp3
Mar 06 09:56 : update: added /CPQE.mp3
Mar 06 09:56 : update: added /CPVQ.mp3
Mar 06 09:56 : update: added /CQQN.mp3
Mar 06 09:56 : update: added /CSYT.mp3
Mar 06 09:56 : update: added Antonio Vivaldi - The Four Seasons and Violin Concertos/07. Concerto No. 3 In F, Rv 293 'autumn' - I Allegro.mp3
Mar 06 09:56 : update: added Antonio Vivaldi - The Four Seasons and Violin Concertos/01. Concerto No. 1 In E, Rv 269 'spring' - I Allegro.mp3
Mar 06 09:56 : update: added Antonio Vivaldi - The Four Seasons and Violin Concertos/02. Concerto No. 1 In E, Rv 269 'spring' - Ii Largo.mp3
Mar 06 09:56 : update: added Antonio Vivaldi - The Four Seasons and Violin Concertos/03. Concerto No. 1 In E, Rv 269 'spring' - Iii Allegro.mp3
Mar 06 09:56 : update: added Antonio Vivaldi - The Four Seasons and Violin Concertos/04. Concerto No. 2 In G Minor, Rv 315 'summer' - I Allegro Non Molto.mp3
Mar 06 09:56 : update: added Antonio Vivaldi - The Four Seasons and Violin Concertos/05. Concerto No. 2 In G Minor, Rv 315 'summer' - Ii Adagio.mp3
Mar 06 09:56 : update: added Antonio Vivaldi - The Four Seasons and Violin Concertos/06. Concerto No. 2 In G Minor, Rv 315 'summer' - Iii Presto.mp3
Mar 06 09:56 : update: added Antonio Vivaldi - The Four Seasons and Violin Concertos/08. Concerto No. 3 In F, Rv 293 'autumn' - Ii Adagio Molto.mp3
Mar 06 09:56 : update: added Antonio Vivaldi - The Four Seasons and Violin Concertos/09. Concerto No. 3 In F, Rv 293 'autumn' - Iii Allegro.mp3
Mar 06 09:56 : update: added Antonio Vivaldi - The Four Seasons and Violin Concertos/10. Concerto No. 4 In F Minor, Rv 297 'winter' - I Allegro Non Molto.mp3
Mar 06 09:56 : update: added Antonio Vivaldi - The Four Seasons and Violin Concertos/11. Concerto No. 4 In F Minor, Rv 297 'winter' - Ii Largo.mp3
Mar 06 09:56 : update: added Antonio Vivaldi - The Four Seasons and Violin Concertos/12. Concerto No. 4 In F Minor, Rv 297 'winter' - Iii Allegro.mp3
Mar 06 09:56 : update: added Antonio Vivaldi - The Four Seasons and Violin Concertos/13. Violin Concerto In C Minor, Rv 199 'il Sospetto' (Ed. Malipiero) - I Allegro.mp3
Mar 06 09:56 : update: added Antonio Vivaldi - The Four Seasons and Violin Concertos/14. Violin Concerto In C Minor, Rv 199 'il Sospetto' (Ed. Malipiero) - Ii Andante.mp3
Mar 06 09:56 : update: added Antonio Vivaldi - The Four Seasons and Violin Concertos/15. Violin Concerto In C Minor, Rv 199 'il Sospetto' (Ed. Malipiero) - Iii Allegro.mp3
Mar 06 09:56 : update: added Antonio Vivaldi - The Four Seasons and Violin Concertos/16. Violin Concerto In A Minor, Rv 356 (Ed. Malipiero) - I Allegro.mp3
Mar 06 09:56 : update: added Antonio Vivaldi - The Four Seasons and Violin Concertos/17. Violin Concerto In A Minor, Rv 356 (Ed. Malipiero) - Ii Largo.mp3
Mar 06 09:56 : update: added Antonio Vivaldi - The Four Seasons and Violin Concertos/18. Violin Concerto In A Minor, Rv 356 (Ed. Malipiero) - Ii Presto.mp3
Mar 06 09:56 : update: added Antonio Vivaldi - The Four Seasons and Violin Concertos/19. Violin Concerto In A, Rv 347 (Ed. Malipiero) - I Allegro.mp3
Mar 06 09:56 : update: added Antonio Vivaldi - The Four Seasons and Violin Concertos/20. Violin Concerto In A, Rv 347 (Ed. Malipiero) - Ii Largo.mp3
Mar 06 09:56 : update: added Antonio Vivaldi - The Four Seasons and Violin Concertos/21. Violin Concerto In A, Rv 347 (Ed. Malipiero) - Iii Allegro.mp3
Mar 06 09:56 : update: added /AOEU.mp3
Mar 06 09:56 : ffmpeg/mov,mp4,m4a,3gp,3g2,mj2: stream 0, timescale not set
Mar 06 09:56 : update: added /AOSK.m4a
Mar 06 09:56 : update: added /AQEK.mp3
Mar 06 09:56 : update: added /AQXN.mp3
Mar 06 09:56 : update: added /ARGW.mp3
Mar 06 09:56 : update: added /ASPH.mp3
Mar 06 09:56 : update: added /AUIA.mp3
Mar 06 09:56 : update: added /Avicii - Wake Me Up.mp3
Mar 06 09:56 : update: added /Axe Click - Johnny Guitar Watson - Gangster Of Love.mp3
Mar 06 09:56 : update: added /B3. Bang Data - Bang Data.mp3
Mar 06 09:56 : update: added /BAEC.mp3
Mar 06 09:56 : update: added /BAFK.mp3
Mar 06 09:56 : update: added /BBMB.mp3
Mar 06 09:56 : update: added /BFPQ.mp3
Mar 06 09:56 : update: added /BHLD.mp3
Mar 06 09:56 : update: added /CBHC.mp3
Mar 06 09:56 : update: added /CURZ.mp3
Mar 06 09:56 : update: added /DLSW.mp3
Mar 06 09:56 : update: added /EHFF.mp3
Mar 06 09:56 : update: added /FQPG.mp3
Mar 06 09:56 : update: added /GUGK.mp3
Mar 06 09:56 : update: added /HJEA.mp3
Mar 06 09:56 : update: added /IYHX.mp3
Mar 06 09:56 : update: added /KDIJ.mp3
Mar 06 09:56 : update: added /KPZS.mp3
Mar 06 09:56 : update: added /LGIQ.mp3
Mar 06 09:56 : update: added /MANU.mp3
Mar 06 09:56 : update: added /MVJH.mp3
Mar 06 09:56 : update: added /OMTX.mp3
Mar 06 09:56 : update: added /PKGB.mp3
Mar 06 09:56 : update: added /QKBY.mp3
Mar 06 09:56 : update: added /RPHV.mp3
Mar 06 09:56 : update: added /SGLK.mp3
Mar 06 09:56 : update: added /TJPQ.mp3
Mar 06 09:56 : update: added /TXGR.mp3
Mar 06 09:56 : update: added /UZPV.mp3
Mar 06 09:56 : update: added /WINA.mp3
Mar 06 09:56 : update: added /XHLZ.mp3
Mar 06 09:56 : update: added /YETT.mp3
Mar 06 09:56 : update: added /ZCBV.mp3
Mar 06 09:56 : update: added /TXGY.mp3
Mar 06 09:56 : update: added /UAUQ.mp3
Mar 06 09:56 : update: added /UBDV.mp3
Mar 06 09:56 : update: added /UBHU.mp3
Mar 06 09:56 : update: added /UEBD.mp3
Mar 06 09:56 : update: added /UGEB.mp3
Mar 06 09:56 : update: added /UGGE.mp3
Mar 06 09:56 : update: added /UGJW.mp3
Mar 06 09:56 : update: added /UHOL.mp3
Mar 06 09:56 : update: added /ULEQ.mp3
Mar 06 09:56 : update: added /ULSF.mp3
Mar 06 09:56 : update: added /UMGB.mp3
Mar 06 09:56 : update: added /UNLW.mp3
Mar 06 09:56 : update: added /URVV.mp3
Mar 06 09:56 : update: added /UTJF.mp3
Mar 06 09:57 : ffmpeg/mov,mp4,m4a,3gp,3g2,mj2: stream 0, timescale not set
Mar 06 09:57 : update: added /UVRL.m4a
Mar 06 09:57 : update: added /UVTE.mp3
Mar 06 09:57 : update: added /UZFH.mp3
Mar 06 09:57 : update: added /UZHN.mp3
Mar 06 09:57 : client: [1] closed
Mar 06 09:58 : client: [2] opened from 127.0.0.1:53342
Mar 06 09:58 : client: [2] closed
Mar 06 10:02 : client: [3] opened from 127.0.0.1:53345
Mar 06 10:03 : client: [3] closed
Mar 06 10:04 : avahi: Service 'Music Player' successfully established.
Mar 06 10:04 : client: [0] opened from 127.0.0.1:53346
Mar 06 10:04 : client: [0] closed
Mar 06 10:04 : client: [1] opened from 127.0.0.1:53347
Mar 06 10:04 : player: played "CWCH.mp3"
Mar 06 10:04 : player: played "CWCH.mp3"
Mar 06 10:05 : client: [1] closed
Mar 06 10:08 : avahi: Service 'Music Player' successfully established.
Mar 06 10:08 : client: [0] opened from 127.0.0.1:50790
Mar 06 10:08 : client: [0] closed
Mar 06 10:13 : avahi: Service 'Music Player' successfully established.
